<?xml version="1.0" encoding="utf-8"?><testsuite errors="0" failures="0" name="pytest" skips="0" tests="183" time="0.570"><testcase classname="test_submit" file="test_submit.py" line="8" name="test_826" time="0.00045013427734375"></testcase><testcase classname="test_submit" file="test_submit.py" line="12" name="test_1376" time="0.00039386749267578125"></testcase><testcase classname="test_submit" file="test_submit.py" line="16" name="test_1565" time="0.00040793418884277344"></testcase><testcase classname="test_submit" file="test_submit.py" line="24" name="test_2725" time="0.00032830238342285156"></testcase><testcase classname="test_submit" file="test_submit.py" line="28" name="test_2655" time="0.00032901763916015625"></testcase><testcase classname="test_submit" file="test_submit.py" line="32" name="test_2500" time="0.00033473968505859375"></testcase><testcase classname="test_submit" file="test_submit.py" line="40" name="test_1763" time="0.00033855438232421875"></testcase><testcase classname="test_submit" file="test_submit.py" line="44" name="test_168" time="0.00041413307189941406"></testcase><testcase classname="test_submit" file="test_submit.py" line="56" name="test_1304" time="0.0003845691680908203"></testcase><testcase classname="test_submit" file="test_submit.py" line="60" name="test_2600" time="0.00039005279541015625"></testcase><testcase classname="test_submit" file="test_submit.py" line="64" name="test_296" time="0.0004317760467529297"></testcase><testcase classname="test_submit" file="test_submit.py" line="68" name="test_1466" time="0.0003383159637451172"></testcase><testcase classname="test_submit" file="test_submit.py" line="72" name="test_1076" time="0.00035643577575683594"></testcase><testcase classname="test_submit" file="test_submit.py" line="76" name="test_1271" time="0.00030303001403808594"></testcase><testcase classname="test_submit" file="test_submit.py" line="96" name="test_2785" time="0.0002999305725097656"></testcase><testcase classname="test_submit" file="test_submit.py" line="104" name="test_2895" time="0.0002930164337158203"></testcase><testcase classname="test_submit" file="test_submit.py" line="108" name="test_1394" time="0.0002918243408203125"></testcase><testcase classname="test_submit" file="test_submit.py" line="112" name="test_2465" time="0.0003266334533691406"></testcase><testcase classname="test_submit" file="test_submit.py" line="120" name="test_2730" time="0.00041484832763671875"></testcase><testcase classname="test_submit" file="test_submit.py" line="124" name="test_2620" time="0.0004177093505859375"></testcase><testcase classname="test_submit" file="test_submit.py" line="128" name="test_2340" time="0.0002963542938232422"></testcase><testcase classname="test_submit" file="test_submit.py" line="140" name="test_252" time="0.0003001689910888672"></testcase><testcase classname="test_submit" file="test_submit.py" line="144" name="test_1085" time="0.00029969215393066406"></testcase><testcase classname="test_submit" file="test_submit.py" line="152" name="test_1781" time="0.0003445148468017578"></testcase><testcase classname="test_submit" file="test_submit.py" line="160" name="test_2160" time="0.0003573894500732422"></testcase><testcase classname="test_submit" file="test_submit.py" line="168" name="test_2210" time="0.0003077983856201172"></testcase><testcase classname="test_submit" file="test_submit.py" line="172" name="test_2590" time="0.0002956390380859375"></testcase><testcase classname="test_submit" file="test_submit.py" line="184" name="test_2480" time="0.0002951622009277344"></testcase><testcase classname="test_submit" file="test_submit.py" line="188" name="test_2020" time="0.0002949237823486328"></testcase><testcase classname="test_submit" file="test_submit.py" line="192" name="test_2830" time="0.00029850006103515625"></testcase><testcase classname="test_submit" file="test_submit.py" line="196" name="test_2765" time="0.00029754638671875"></testcase><testcase classname="test_submit" file="test_submit.py" line="200" name="test_2055" time="0.0004019737243652344"></testcase><testcase classname="test_submit" file="test_submit.py" line="204" name="test_764" time="0.00031876564025878906"></testcase><testcase classname="test_submit" file="test_submit.py" line="208" name="test_1742" time="0.0003037452697753906"></testcase><testcase classname="test_submit" file="test_submit.py" line="212" name="test_1643" time="0.0003082752227783203"></testcase><testcase classname="test_submit" file="test_submit.py" line="216" name="test_1790" time="0.0003159046173095703"></testcase><testcase classname="test_submit" file="test_submit.py" line="224" name="test_2015" time="0.0002970695495605469"></testcase><testcase classname="test_submit" file="test_submit.py" line="228" name="test_1232" time="0.00029397010803222656"></testcase><testcase classname="test_submit" file="test_submit.py" line="232" name="test_2845" time="0.00029540061950683594"></testcase><testcase classname="test_submit" file="test_submit.py" line="240" name="test_502" time="0.00029778480529785156"></testcase><testcase classname="test_submit" file="test_submit.py" line="244" name="test_1325" time="0.0003075599670410156"></testcase><testcase classname="test_submit" file="test_submit.py" line="248" name="test_1670" time="0.00029397010803222656"></testcase><testcase classname="test_submit" file="test_submit.py" line="252" name="test_1091" time="0.0002968311309814453"></testcase><testcase classname="test_submit" file="test_submit.py" line="256" name="test_2455" time="0.00029277801513671875"></testcase><testcase classname="test_submit" file="test_submit.py" line="260" name="test_2975" time="0.00029397010803222656"></testcase><testcase classname="test_submit" file="test_submit.py" line="264" name="test_2230" time="0.0002970695495605469"></testcase><testcase classname="test_submit" file="test_submit.py" line="272" name="test_2670" time="0.00033736228942871094"></testcase><testcase classname="test_submit" file="test_submit.py" line="276" name="test_638" time="0.0003376007080078125"></testcase><testcase classname="test_submit" file="test_submit.py" line="280" name="test_1358" time="0.0003025531768798828"></testcase><testcase classname="test_submit" file="test_submit.py" line="288" name="test_2365" time="0.00029349327087402344"></testcase><testcase classname="test_submit" file="test_submit.py" line="292" name="test_2715" time="0.0004363059997558594"></testcase><testcase classname="test_submit" file="test_submit.py" line="300" name="test_1121" time="0.0003025531768798828"></testcase><testcase classname="test_submit" file="test_submit.py" line="304" name="test_2105" time="0.0003018379211425781"></testcase><testcase classname="test_submit" file="test_submit.py" line="308" name="test_2065" time="0.0003414154052734375"></testcase><testcase classname="test_submit" file="test_submit.py" line="312" name="test_2930" time="0.0003020763397216797"></testcase><testcase classname="test_submit" file="test_submit.py" line="316" name="test_2925" time="0.00029659271240234375"></testcase><testcase classname="test_submit" file="test_submit.py" line="320" name="test_746" time="0.0002980232238769531"></testcase><testcase classname="test_submit" file="test_submit.py" line="324" name="test_1442" time="0.0002918243408203125"></testcase><testcase classname="test_submit" file="test_submit.py" line="328" name="test_1826" time="0.00029206275939941406"></testcase><testcase classname="test_submit" file="test_submit.py" line="332" name="test_1382" time="0.0002925395965576172"></testcase><testcase classname="test_submit" file="test_submit.py" line="344" name="test_2290" time="0.00029277801513671875"></testcase><testcase classname="test_submit" file="test_submit.py" line="348" name="test_1055" time="0.00029015541076660156"></testcase><testcase classname="test_submit" file="test_submit.py" line="356" name="test_2030" time="0.0003027915954589844"></testcase><testcase classname="test_submit" file="test_submit.py" line="364" name="test_2200" time="0.00029587745666503906"></testcase><testcase classname="test_submit" file="test_submit.py" line="368" name="test_916" time="0.00029587745666503906"></testcase><testcase classname="test_submit" file="test_submit.py" line="372" name="test_1409" time="0.00030732154846191406"></testcase><testcase classname="test_submit" file="test_submit.py" line="380" name="test_1292" time="0.00029850006103515625"></testcase><testcase classname="test_submit" file="test_submit.py" line="384" name="test_2530" time="0.00029969215393066406"></testcase><testcase classname="test_submit" file="test_submit.py" line="388" name="test_2140" time="0.0002925395965576172"></testcase><testcase classname="test_submit" file="test_submit.py" line="392" name="test_664" time="0.0002944469451904297"></testcase><testcase classname="test_submit" file="test_submit.py" line="396" name="test_1313" time="0.00029397010803222656"></testcase><testcase classname="test_submit" file="test_submit.py" line="400" name="test_2755" time="0.0002906322479248047"></testcase><testcase classname="test_submit" file="test_submit.py" line="404" name="test_2305" time="0.0002913475036621094"></testcase><testcase classname="test_submit" file="test_submit.py" line="412" name="test_2965" time="0.0003943443298339844"></testcase><testcase classname="test_submit" file="test_submit.py" line="416" name="test_2060" time="0.00034427642822265625"></testcase><testcase classname="test_submit" file="test_submit.py" line="420" name="test_2625" time="0.00035309791564941406"></testcase><testcase classname="test_submit" file="test_submit.py" line="424" name="test_1295" time="0.0003349781036376953"></testcase><testcase classname="test_submit" file="test_submit.py" line="432" name="test_2555" time="0.0005497932434082031"></testcase><testcase classname="test_submit" file="test_submit.py" line="436" name="test_2610" time="0.0004074573516845703"></testcase><testcase classname="test_submit" file="test_submit.py" line="444" name="test_2295" time="0.0002987384796142578"></testcase><testcase classname="test_submit" file="test_submit.py" line="448" name="test_2800" time="0.0002956390380859375"></testcase><testcase classname="test_submit" file="test_submit.py" line="452" name="test_1460" time="0.00029349327087402344"></testcase><testcase classname="test_submit" file="test_submit.py" line="456" name="test_2745" time="0.00030803680419921875"></testcase><testcase classname="test_submit" file="test_submit.py" line="464" name="test_2990" time="0.0004057884216308594"></testcase><testcase classname="test_submit" file="test_submit.py" line="476" name="test_2510" time="0.00029850006103515625"></testcase><testcase classname="test_submit" file="test_submit.py" line="480" name="test_934" time="0.0003037452697753906"></testcase><testcase classname="test_submit" file="test_submit.py" line="484" name="test_1130" time="0.00029468536376953125"></testcase><testcase classname="test_submit" file="test_submit.py" line="492" name="test_2810" time="0.00029659271240234375"></testcase><testcase classname="test_submit" file="test_submit.py" line="500" name="test_2695" time="0.0002956390380859375"></testcase><testcase classname="test_submit" file="test_submit.py" line="508" name="test_2645" time="0.00031638145446777344"></testcase><testcase classname="test_submit" file="test_submit.py" line="512" name="test_2185" time="0.0003466606140136719"></testcase><testcase classname="test_submit" file="test_submit.py" line="516" name="test_2580" time="0.0003142356872558594"></testcase><testcase classname="test_submit" file="test_submit.py" line="520" name="test_1148" time="0.0003032684326171875"></testcase><testcase classname="test_submit" file="test_submit.py" line="524" name="test_2780" time="0.00033736228942871094"></testcase><testcase classname="test_submit" file="test_submit.py" line="528" name="test_2805" time="0.0003075599670410156"></testcase><testcase classname="test_submit" file="test_submit.py" line="532" name="test_2415" time="0.00030231475830078125"></testcase><testcase classname="test_submit" file="test_submit.py" line="536" name="test_2010" time="0.0003046989440917969"></testcase><testcase classname="test_submit" file="test_submit.py" line="540" name="test_2545" time="0.00030350685119628906"></testcase><testcase classname="test_submit" file="test_submit.py" line="544" name="test_2700" time="0.00032806396484375"></testcase><testcase classname="test_submit" file="test_submit.py" line="548" name="test_1808" time="0.0003008842468261719"></testcase><testcase classname="test_submit" file="test_submit.py" line="552" name="test_2880" time="0.00029921531677246094"></testcase><testcase classname="test_submit" file="test_submit.py" line="556" name="test_2595" time="0.000301361083984375"></testcase><testcase classname="test_submit" file="test_submit.py" line="560" name="test_2575" time="0.0002982616424560547"></testcase><testcase classname="test_submit" file="test_submit.py" line="568" name="test_2035" time="0.00030231475830078125"></testcase><testcase classname="test_submit" file="test_submit.py" line="572" name="test_2855" time="0.0002970695495605469"></testcase><testcase classname="test_submit" file="test_submit.py" line="576" name="test_2450" time="0.00031113624572753906"></testcase><testcase classname="test_submit" file="test_submit.py" line="580" name="test_1064" time="0.0003104209899902344"></testcase><testcase classname="test_submit" file="test_submit.py" line="584" name="test_2410" time="0.00030922889709472656"></testcase><testcase classname="test_submit" file="test_submit.py" line="588" name="test_2445" time="0.0003173351287841797"></testcase><testcase classname="test_submit" file="test_submit.py" line="592" name="test_2760" time="0.0003120899200439453"></testcase><testcase classname="test_submit" file="test_submit.py" line="596" name="test_2550" time="0.00030994415283203125"></testcase><testcase classname="test_submit" file="test_submit.py" line="600" name="test_2420" time="0.0003371238708496094"></testcase><testcase classname="test_submit" file="test_submit.py" line="604" name="test_2605" time="0.0003695487976074219"></testcase><testcase classname="test_submit" file="test_submit.py" line="612" name="test_486" time="0.00034332275390625"></testcase><testcase classname="test_submit" file="test_submit.py" line="616" name="test_1172" time="0.0003077983856201172"></testcase><testcase classname="test_submit" file="test_submit.py" line="624" name="test_1910" time="0.0003173351287841797"></testcase><testcase classname="test_submit" file="test_submit.py" line="628" name="test_2440" time="0.0004863739013671875"></testcase><testcase classname="test_submit" file="test_submit.py" line="632" name="test_2650" time="0.00038743019104003906"></testcase><testcase classname="test_submit" file="test_submit.py" line="636" name="test_1610" time="0.00032520294189453125"></testcase><testcase classname="test_submit" file="test_submit.py" line="644" name="test_2025" time="0.00029969215393066406"></testcase><testcase classname="test_submit" file="test_submit.py" line="648" name="test_2875" time="0.00029969215393066406"></testcase><testcase classname="test_submit" file="test_submit.py" line="652" name="test_2775" time="0.00029754638671875"></testcase><testcase classname="test_submit" file="test_submit.py" line="656" name="test_62" time="0.0002968311309814453"></testcase><testcase classname="test_submit" file="test_submit.py" line="660" name="test_1160" time="0.0003039836883544922"></testcase><testcase classname="test_submit" file="test_submit.py" line="664" name="test_1013" time="0.0002949237823486328"></testcase><testcase classname="test_submit" file="test_submit.py" line="672" name="test_2125" time="0.0002961158752441406"></testcase><testcase classname="test_submit" file="test_submit.py" line="676" name="test_2740" time="0.00030112266540527344"></testcase><testcase classname="test_submit" file="test_submit.py" line="684" name="test_1841" time="0.0003006458282470703"></testcase><testcase classname="test_submit" file="test_submit.py" line="688" name="test_2275" time="0.00030040740966796875"></testcase><testcase classname="test_submit" file="test_submit.py" line="692" name="test_2520" time="0.0002944469451904297"></testcase><testcase classname="test_submit" file="test_submit.py" line="696" name="test_2425" time="0.00029277801513671875"></testcase><testcase classname="test_submit" file="test_submit.py" line="700" name="test_2505" time="0.00029659271240234375"></testcase><testcase classname="test_submit" file="test_submit.py" line="704" name="test_2115" time="0.00034618377685546875"></testcase><testcase classname="test_submit" file="test_submit.py" line="708" name="test_2300" time="0.00044608116149902344"></testcase><testcase classname="test_submit" file="test_submit.py" line="712" name="test_1229" time="0.0003159046173095703"></testcase><testcase classname="test_submit" file="test_submit.py" line="716" name="test_2350" time="0.0003032684326171875"></testcase><testcase classname="test_submit" file="test_submit.py" line="720" name="test_2935" time="0.00033092498779296875"></testcase><testcase classname="test_submit" file="test_submit.py" line="724" name="test_2205" time="0.0003104209899902344"></testcase><testcase classname="test_submit" file="test_submit.py" line="732" name="test_2470" time="0.00030612945556640625"></testcase><testcase classname="test_submit" file="test_submit.py" line="736" name="test_2940" time="0.00030040740966796875"></testcase><testcase classname="test_submit" file="test_submit.py" line="740" name="test_1535" time="0.00031876564025878906"></testcase><testcase classname="test_submit" file="test_submit.py" line="748" name="test_2860" time="0.00030493736267089844"></testcase><testcase classname="test_submit" file="test_submit.py" line="752" name="test_2310" time="0.0002987384796142578"></testcase><testcase classname="test_submit" file="test_submit.py" line="756" name="test_2335" time="0.00029778480529785156"></testcase><testcase classname="test_submit" file="test_submit.py" line="760" name="test_2910" time="0.00030112266540527344"></testcase><testcase classname="test_submit" file="test_submit.py" line="764" name="test_2225" time="0.00029587745666503906"></testcase><testcase classname="test_submit" file="test_submit.py" line="768" name="test_442" time="0.0002987384796142578"></testcase><testcase classname="test_submit" file="test_submit.py" line="772" name="test_1103" time="0.00030112266540527344"></testcase><testcase classname="test_submit" file="test_submit.py" line="776" name="test_1676" time="0.0002982616424560547"></testcase><testcase classname="test_submit" file="test_submit.py" line="780" name="test_1523" time="0.00041556358337402344"></testcase><testcase classname="test_submit" file="test_submit.py" line="784" name="test_2375" time="0.0003490447998046875"></testcase><testcase classname="test_submit" file="test_submit.py" line="788" name="test_2865" time="0.00030422210693359375"></testcase><testcase classname="test_submit" file="test_submit.py" line="792" name="test_2380" time="0.0003085136413574219"></testcase><testcase classname="test_submit" file="test_submit.py" line="796" name="test_1538" time="0.00034236907958984375"></testcase><testcase classname="test_submit" file="test_submit.py" line="800" name="test_2705" time="0.00032639503479003906"></testcase><testcase classname="test_submit" file="test_submit.py" line="804" name="test_2145" time="0.0004930496215820312"></testcase><testcase classname="test_submit" file="test_submit.py" line="808" name="test_2040" time="0.0004611015319824219"></testcase><testcase classname="test_submit" file="test_submit.py" line="812" name="test_458" time="0.00037407875061035156"></testcase><testcase classname="test_submit" file="test_submit.py" line="816" name="test_1046" time="0.000301361083984375"></testcase><testcase classname="test_submit" file="test_submit.py" line="820" name="test_1457" time="0.0003001689910888672"></testcase><testcase classname="test_submit" file="test_submit.py" line="824" name="test_1757" time="0.00032782554626464844"></testcase><testcase classname="test_submit" file="test_submit.py" line="828" name="test_2900" time="0.0003082752227783203"></testcase><testcase classname="test_submit" file="test_submit.py" line="832" name="test_2710" time="0.0002932548522949219"></testcase><testcase classname="test_submit" file="test_submit.py" line="836" name="test_2070" time="0.0003018379211425781"></testcase><testcase classname="test_submit" file="test_submit.py" line="840" name="test_2970" time="0.00031495094299316406"></testcase><testcase classname="test_submit" file="test_submit.py" line="844" name="test_80" time="0.0003006458282470703"></testcase><testcase classname="test_submit" file="test_submit.py" line="848" name="test_1835" time="0.0003001689910888672"></testcase><testcase classname="test_submit" file="test_submit.py" line="852" name="test_2680" time="0.0002982616424560547"></testcase><testcase classname="test_submit" file="test_submit.py" line="856" name="test_2565" time="0.0002987384796142578"></testcase><testcase classname="test_submit" file="test_submit.py" line="860" name="test_2080" time="0.0002994537353515625"></testcase><testcase classname="test_submit" file="test_submit.py" line="864" name="test_2120" time="0.0003273487091064453"></testcase><testcase classname="test_submit" file="test_submit.py" line="868" name="test_2250" time="0.0002987384796142578"></testcase><testcase classname="test_submit" file="test_submit.py" line="872" name="test_2270" time="0.00030493736267089844"></testcase><testcase classname="test_submit" file="test_submit.py" line="876" name="test_1904" time="0.0002989768981933594"></testcase><testcase classname="test_submit" file="test_submit.py" line="880" name="test_2130" time="0.000301361083984375"></testcase><testcase classname="test_submit" file="test_submit.py" line="884" name="test_2630" time="0.00031113624572753906"></testcase><testcase classname="test_submit" file="test_submit.py" line="888" name="test_2525" time="0.0002968311309814453"></testcase><testcase classname="test_submit" file="test_submit.py" line="892" name="test_2405" time="0.00029969215393066406"></testcase><testcase classname="test_submit" file="test_submit.py" line="896" name="test_2255" time="0.00029754638671875"></testcase><testcase classname="test_submit" file="test_submit.py" line="900" name="test_1577" time="0.0003457069396972656"></testcase><testcase classname="test_submit" file="test_submit.py" line="904" name="test_2090" time="0.0003058910369873047"></testcase><testcase classname="test_submit" file="test_submit.py" line="908" name="test_2960" time="0.0002956390380859375"></testcase><testcase classname="test_submit" file="test_submit.py" line="912" name="test_2260" time="0.00041174888610839844"></testcase></testsuite>