<?xml version="1.0" encoding="utf-8"?><testsuite errors="0" failures="0" name="pytest" skips="0" tests="7" time="0.157"><testcase classname="test_submit" file="test_submit.py" line="7" name="test_1" time="0.0005929470062255859"></testcase><testcase classname="test_submit" file="test_submit.py" line="11" name="test_2" time="0.0004994869232177734"></testcase><testcase classname="test_submit" file="test_submit.py" line="15" name="test_3" time="0.0004630088806152344"></testcase><testcase classname="test_submit" file="test_submit.py" line="19" name="test_4" time="0.0004570484161376953"></testcase><testcase classname="test_submit" file="test_submit.py" line="23" name="test_5" time="0.0004410743713378906"></testcase><testcase classname="test_submit" file="test_submit.py" line="27" name="test_6" time="0.0004069805145263672"></testcase><testcase classname="test_submit" file="test_submit.py" line="31" name="test_7" time="0.00039768218994140625"></testcase></testsuite>